[INFO ] 2024-06-14 12:01:09.726 [main] StepDef - Setup Executed....
[INFO ] 2024-06-14 12:01:09.793 [main] StepDef - Chrome Browser Launched....
[INFO ] 2024-06-14 12:01:14.735 [main] StepDef - URL Opened....
[INFO ] 2024-06-14 12:01:17.575 [main] StepDef - Email Address & Password entered....
[INFO ] 2024-06-14 12:01:20.809 [main] StepDef - Login Button Clicked....
[INFO ] 2024-06-14 12:01:21.077 [main] StepDef - User can view dashboard test passed....
[INFO ] 2024-06-14 12:01:21.517 [main] StepDef - Customer Menu Clicked....
[INFO ] 2024-06-14 12:01:29.666 [main] StepDef - Customer Menu Item Clicked....
[INFO ] 2024-06-14 12:01:31.045 [main] StepDef - Clicked on search Button....
[INFO ] 2024-06-14 12:01:33.577 [main] StepDef - Browser Closed....
[INFO ] 2024-06-14 12:01:33.578 [main] StepDef - ....................................................
[INFO ] 2024-06-14 12:01:35.061 [main] StepDef - Setup Executed....
[INFO ] 2024-06-14 12:01:35.064 [main] StepDef - Chrome Browser Launched....
[INFO ] 2024-06-14 12:01:39.618 [main] StepDef - URL Opened....
[INFO ] 2024-06-14 12:01:42.110 [main] StepDef - Email Address & Password entered....
[INFO ] 2024-06-14 12:01:46.376 [main] StepDef - Login Button Clicked....
[WARN ] 2024-06-14 12:01:47.598 [main] StepDef - Test Failed: Login feature page title not matched....
[INFO ] 2024-06-14 12:01:54.216 [main] StepDef - User clicked on LogOut link....
[WARN ] 2024-06-14 12:01:54.319 [main] StepDef - Test Passed: Login feature page title....
[INFO ] 2024-06-14 12:01:54.839 [main] StepDef - Browser Closed....
[INFO ] 2024-06-14 12:01:54.839 [main] StepDef - ....................................................
[INFO ] 2024-06-14 12:04:45.815 [main] StepDef - Setup Executed....
[INFO ] 2024-06-14 12:04:45.911 [main] StepDef - Chrome Browser Launched....
[INFO ] 2024-06-14 12:04:50.622 [main] StepDef - URL Opened....
[INFO ] 2024-06-14 12:04:53.100 [main] StepDef - Email Address & Password entered....
[INFO ] 2024-06-14 12:04:55.887 [main] StepDef - Login Button Clicked....
[INFO ] 2024-06-14 12:04:57.432 [main] StepDef - User can view dashboard test passed....
[INFO ] 2024-06-14 12:04:57.952 [main] StepDef - Customer Menu Clicked....
[INFO ] 2024-06-14 12:05:05.843 [main] StepDef - Customer Menu Item Clicked....
[INFO ] 2024-06-14 12:05:07.133 [main] StepDef - Clicked on search Button....
[INFO ] 2024-06-14 12:05:09.735 [main] StepDef - Browser Closed....
[INFO ] 2024-06-14 12:05:09.735 [main] StepDef - ....................................................
[INFO ] 2024-06-14 12:05:10.924 [main] StepDef - Setup Executed....
[INFO ] 2024-06-14 12:05:10.929 [main] StepDef - Chrome Browser Launched....
[INFO ] 2024-06-14 12:05:15.502 [main] StepDef - URL Opened....
[INFO ] 2024-06-14 12:05:18.064 [main] StepDef - Email Address & Password entered....
[INFO ] 2024-06-14 12:05:21.101 [main] StepDef - Login Button Clicked....
[WARN ] 2024-06-14 12:05:23.784 [main] StepDef - Test Failed: Login feature page title not matched....
[INFO ] 2024-06-14 12:05:30.564 [main] StepDef - User clicked on LogOut link....
[WARN ] 2024-06-14 12:05:30.654 [main] StepDef - Test Passed: Login feature page title....
[INFO ] 2024-06-14 12:05:31.097 [main] StepDef - Browser Closed....
[INFO ] 2024-06-14 12:05:31.097 [main] StepDef - ....................................................
[INFO ] 2024-06-14 12:14:48.119 [main] StepDef - Setup Executed....
[INFO ] 2024-06-14 12:14:48.210 [main] StepDef - Chrome Browser Launched....
[INFO ] 2024-06-14 12:14:53.422 [main] StepDef - URL Opened....
[INFO ] 2024-06-14 12:14:56.300 [main] StepDef - Email Address & Password entered....
[INFO ] 2024-06-14 12:15:05.361 [main] StepDef - Login Button Clicked....
[INFO ] 2024-06-14 12:15:05.538 [main] StepDef - User can view dashboard test passed....
[INFO ] 2024-06-14 12:15:05.873 [main] StepDef - Customer Menu Clicked....
[INFO ] 2024-06-14 12:15:14.322 [main] StepDef - Customer Menu Item Clicked....
[INFO ] 2024-06-14 12:15:15.937 [main] StepDef - Clicked on search Button....
[INFO ] 2024-06-14 12:15:18.405 [main] StepDef - Browser Closed....
[INFO ] 2024-06-14 12:15:18.405 [main] StepDef - ....................................................
[INFO ] 2024-06-14 12:15:20.036 [main] StepDef - Setup Executed....
[INFO ] 2024-06-14 12:15:20.038 [main] StepDef - Chrome Browser Launched....
[INFO ] 2024-06-14 12:15:24.738 [main] StepDef - URL Opened....
[INFO ] 2024-06-14 12:15:27.190 [main] StepDef - Email Address & Password entered....
[INFO ] 2024-06-14 12:15:32.004 [main] StepDef - Login Button Clicked....
[WARN ] 2024-06-14 12:15:32.221 [main] StepDef - Test Failed: Login feature page title not matched....
[INFO ] 2024-06-14 12:15:40.741 [main] StepDef - User clicked on LogOut link....
[WARN ] 2024-06-14 12:15:40.842 [main] StepDef - Test Passed: Login feature page title....
[INFO ] 2024-06-14 12:15:41.299 [main] StepDef - Browser Closed....
[INFO ] 2024-06-14 12:15:41.300 [main] StepDef - ....................................................
[INFO ] 2024-06-14 12:21:00.945 [main] StepDef - Setup Executed....
[INFO ] 2024-06-14 12:21:01.028 [main] StepDef - Chrome Browser Launched....
[INFO ] 2024-06-14 12:21:05.026 [main] StepDef - URL Opened....
[INFO ] 2024-06-14 12:21:07.421 [main] StepDef - Email Address & Password entered....
[INFO ] 2024-06-14 12:21:10.074 [main] StepDef - Login Button Clicked....
[INFO ] 2024-06-14 12:21:11.362 [main] StepDef - User can view dashboard test passed....
[INFO ] 2024-06-14 12:21:11.448 [main] StepDef - Customer Menu Clicked....
[INFO ] 2024-06-14 12:21:19.146 [main] StepDef - Customer Menu Item Clicked....
[INFO ] 2024-06-14 12:21:21.743 [main] StepDef - Setup Executed....
[INFO ] 2024-06-14 12:21:21.746 [main] StepDef - Chrome Browser Launched....
[INFO ] 2024-06-14 12:21:25.811 [main] StepDef - URL Opened....
[INFO ] 2024-06-14 12:21:28.145 [main] StepDef - Email Address & Password entered....
[INFO ] 2024-06-14 12:21:30.777 [main] StepDef - Login Button Clicked....
[WARN ] 2024-06-14 12:21:33.181 [main] StepDef - Test Failed: Login feature page title not matched....
[INFO ] 2024-06-14 12:21:39.645 [main] StepDef - User clicked on LogOut link....
[WARN ] 2024-06-14 12:21:39.656 [main] StepDef - Test Passed: Login feature page title....
[INFO ] 2024-06-14 12:21:39.908 [main] StepDef - Browser Closed....
[INFO ] 2024-06-14 12:21:39.909 [main] StepDef - ....................................................
[INFO ] 2024-06-14 12:24:51.130 [main] StepDef - Setup Executed....
[INFO ] 2024-06-14 12:24:51.215 [main] StepDef - Chrome Browser Launched....
[INFO ] 2024-06-14 12:24:56.029 [main] StepDef - URL Opened....
[INFO ] 2024-06-14 12:24:58.574 [main] StepDef - Email Address & Password entered....
[INFO ] 2024-06-14 12:25:01.696 [main] StepDef - Login Button Clicked....
[INFO ] 2024-06-14 12:25:03.313 [main] StepDef - User can view dashboard test passed....
[INFO ] 2024-06-14 12:25:03.446 [main] StepDef - Customer Menu Clicked....
[INFO ] 2024-06-14 12:25:11.201 [main] StepDef - Customer Menu Item Clicked....
[INFO ] 2024-06-14 12:25:12.113 [main] StepDef - Clicked on search Button....
[INFO ] 2024-06-14 12:25:14.392 [main] StepDef - Browser Closed....
[INFO ] 2024-06-14 12:25:14.392 [main] StepDef - ....................................................
[INFO ] 2024-06-14 12:25:15.635 [main] StepDef - Setup Executed....
[INFO ] 2024-06-14 12:25:15.644 [main] StepDef - Chrome Browser Launched....
[INFO ] 2024-06-14 12:25:20.093 [main] StepDef - URL Opened....
[INFO ] 2024-06-14 12:25:22.457 [main] StepDef - Email Address & Password entered....
[INFO ] 2024-06-14 12:25:26.099 [main] StepDef - Login Button Clicked....
[WARN ] 2024-06-14 12:25:26.155 [main] StepDef - Test Failed: Login feature page title not matched....
[INFO ] 2024-06-14 12:25:32.640 [main] StepDef - User clicked on LogOut link....
[WARN ] 2024-06-14 12:25:32.647 [main] StepDef - Test Passed: Login feature page title....
[INFO ] 2024-06-14 12:25:32.852 [main] StepDef - Browser Closed....
[INFO ] 2024-06-14 12:25:32.852 [main] StepDef - ....................................................
[INFO ] 2024-06-14 12:28:37.434 [main] StepDef - Setup Executed....
[INFO ] 2024-06-14 12:28:37.495 [main] StepDef - Chrome Browser Launched....
[INFO ] 2024-06-14 12:28:42.340 [main] StepDef - URL Opened....
[INFO ] 2024-06-14 12:28:44.715 [main] StepDef - Email Address & Password entered....
[INFO ] 2024-06-14 12:28:46.697 [main] StepDef - Login Button Clicked....
[INFO ] 2024-06-14 12:28:47.842 [main] StepDef - User can view dashboard test passed....
[INFO ] 2024-06-14 12:28:47.913 [main] StepDef - Customer Menu Clicked....
[INFO ] 2024-06-14 12:28:55.762 [main] StepDef - Customer Menu Item Clicked....
[INFO ] 2024-06-14 12:28:56.580 [main] StepDef - Clicked on search Button....
[INFO ] 2024-06-14 12:28:58.884 [main] StepDef - Browser Closed....
[INFO ] 2024-06-14 12:28:58.885 [main] StepDef - ....................................................
[INFO ] 2024-06-14 12:29:00.060 [main] StepDef - Setup Executed....
[INFO ] 2024-06-14 12:29:00.062 [main] StepDef - Chrome Browser Launched....
[INFO ] 2024-06-14 12:29:04.477 [main] StepDef - URL Opened....
[INFO ] 2024-06-14 12:29:06.770 [main] StepDef - Email Address & Password entered....
[INFO ] 2024-06-14 12:29:09.608 [main] StepDef - Login Button Clicked....
[WARN ] 2024-06-14 12:29:10.650 [main] StepDef - Test Failed: Login feature page title not matched....
[INFO ] 2024-06-14 12:29:17.180 [main] StepDef - User clicked on LogOut link....
[WARN ] 2024-06-14 12:29:17.186 [main] StepDef - Test Passed: Login feature page title....
[INFO ] 2024-06-14 12:29:17.523 [main] StepDef - Browser Closed....
[INFO ] 2024-06-14 12:29:17.523 [main] StepDef - ....................................................
[INFO ] 2024-06-14 12:30:32.830 [main] StepDef - Setup Executed....
[INFO ] 2024-06-14 12:30:32.884 [main] StepDef - Chrome Browser Launched....
[INFO ] 2024-06-14 12:30:37.577 [main] StepDef - URL Opened....
[INFO ] 2024-06-14 12:30:39.927 [main] StepDef - Email Address & Password entered....
[INFO ] 2024-06-14 12:30:42.147 [main] StepDef - Login Button Clicked....
[INFO ] 2024-06-14 12:30:43.429 [main] StepDef - User can view dashboard test passed....
[INFO ] 2024-06-14 12:30:43.501 [main] StepDef - Customer Menu Clicked....
[INFO ] 2024-06-14 12:30:51.219 [main] StepDef - Customer Menu Item Clicked....
[INFO ] 2024-06-14 12:30:52.144 [main] StepDef - Clicked on search Button....
[INFO ] 2024-06-14 12:30:54.773 [main] StepDef - Browser Closed....
[INFO ] 2024-06-14 12:30:54.773 [main] StepDef - ....................................................
[INFO ] 2024-06-14 12:30:55.870 [main] StepDef - Setup Executed....
[INFO ] 2024-06-14 12:30:55.871 [main] StepDef - Chrome Browser Launched....
[INFO ] 2024-06-14 12:31:00.345 [main] StepDef - URL Opened....
[INFO ] 2024-06-14 12:31:02.670 [main] StepDef - Email Address & Password entered....
[INFO ] 2024-06-14 12:31:06.098 [main] StepDef - Login Button Clicked....
[WARN ] 2024-06-14 12:31:06.116 [main] StepDef - Test Failed: Login feature page title not matched....
[INFO ] 2024-06-14 12:31:12.814 [main] StepDef - User clicked on LogOut link....
[WARN ] 2024-06-14 12:31:12.830 [main] StepDef - Test Passed: Login feature page title....
[INFO ] 2024-06-14 12:31:13.083 [main] StepDef - Browser Closed....
[INFO ] 2024-06-14 12:31:13.083 [main] StepDef - ....................................................
[INFO ] 2024-06-14 13:39:18.146 [main] StepDef - Setup Executed....
[INFO ] 2024-06-14 13:39:18.292 [main] StepDef - Chrome Browser Launched....
[INFO ] 2024-06-14 13:39:23.807 [main] StepDef - URL Opened....
[INFO ] 2024-06-14 13:39:26.676 [main] StepDef - Email Address & Password entered....
[INFO ] 2024-06-14 13:39:32.223 [main] StepDef - Login Button Clicked....
[INFO ] 2024-06-14 13:39:32.289 [main] StepDef - User can view dashboard test passed....
[INFO ] 2024-06-14 13:39:32.482 [main] StepDef - Customer Menu Clicked....
[INFO ] 2024-06-14 13:39:40.797 [main] StepDef - Customer Menu Item Clicked....
[INFO ] 2024-06-14 13:39:42.164 [main] StepDef - Clicked on search Button....
[INFO ] 2024-06-14 13:39:44.720 [main] StepDef - Browser Closed....
[INFO ] 2024-06-14 13:39:44.721 [main] StepDef - ....................................................
[INFO ] 2024-06-14 13:39:46.439 [main] StepDef - Setup Executed....
[INFO ] 2024-06-14 13:39:46.447 [main] StepDef - Chrome Browser Launched....
[INFO ] 2024-06-14 13:39:51.345 [main] StepDef - URL Opened....
[INFO ] 2024-06-14 13:39:53.781 [main] StepDef - Email Address & Password entered....
[INFO ] 2024-06-14 13:39:59.072 [main] StepDef - Login Button Clicked....
[WARN ] 2024-06-14 13:39:59.098 [main] StepDef - Test Failed: Login feature page title not matched....
[INFO ] 2024-06-14 13:40:05.964 [main] StepDef - User clicked on LogOut link....
[WARN ] 2024-06-14 13:40:05.978 [main] StepDef - Test Passed: Login feature page title....
[INFO ] 2024-06-14 13:40:06.290 [main] StepDef - Browser Closed....
[INFO ] 2024-06-14 13:40:06.291 [main] StepDef - ....................................................
[INFO ] 2024-06-14 23:48:33.296 [main] StepDef - Setup Executed....
[INFO ] 2024-06-14 23:48:33.484 [main] StepDef - Chrome Browser Launched....
[INFO ] 2024-06-14 23:48:43.539 [main] StepDef - URL Opened....
[INFO ] 2024-06-14 23:48:45.983 [main] StepDef - Email Address & Password entered....
[INFO ] 2024-06-14 23:51:52.559 [main] StepDef - Setup Executed....
[INFO ] 2024-06-14 23:51:52.564 [main] StepDef - Chrome Browser Launched....
[INFO ] 2024-06-14 23:52:10.022 [main] StepDef - URL Opened....
[INFO ] 2024-06-14 23:52:12.566 [main] StepDef - Email Address & Password entered....
[INFO ] 2024-06-14 23:54:15.962 [main] StepDef - Login Button Clicked....
[WARN ] 2024-06-14 23:54:15.989 [main] StepDef - Test Failed: Login feature page title not matched....
[INFO ] 2024-06-14 23:54:27.149 [main] StepDef - User clicked on LogOut link....
[WARN ] 2024-06-14 23:54:27.190 [main] StepDef - Test Passed: Login feature page title....
[INFO ] 2024-06-14 23:54:27.431 [main] StepDef - Browser Closed....
[INFO ] 2024-06-14 23:54:27.432 [main] StepDef - ....................................................
[INFO ] 2024-06-14 23:55:21.157 [main] StepDef - Setup Executed....
[INFO ] 2024-06-14 23:55:21.260 [main] StepDef - Chrome Browser Launched....
[INFO ] 2024-06-14 23:55:27.391 [main] StepDef - URL Opened....
[INFO ] 2024-06-14 23:55:29.884 [main] StepDef - Email Address & Password entered....
[INFO ] 2024-06-14 23:55:33.029 [main] StepDef - Login Button Clicked....
[INFO ] 2024-06-14 23:55:34.276 [main] StepDef - User can view dashboard test passed....
[INFO ] 2024-06-14 23:55:34.445 [main] StepDef - Customer Menu Clicked....
[INFO ] 2024-06-14 23:55:42.678 [main] StepDef - Customer Menu Item Clicked....
[INFO ] 2024-06-14 23:55:43.534 [main] StepDef - Clicked on search Button....
[INFO ] 2024-06-14 23:55:45.856 [main] StepDef - Browser Closed....
[INFO ] 2024-06-14 23:55:45.856 [main] StepDef - ....................................................
[INFO ] 2024-06-14 23:55:47.104 [main] StepDef - Setup Executed....
[INFO ] 2024-06-14 23:55:47.124 [main] StepDef - Chrome Browser Launched....
[INFO ] 2024-06-14 23:55:52.650 [main] StepDef - URL Opened....
[INFO ] 2024-06-14 23:55:55.101 [main] StepDef - Email Address & Password entered....
[INFO ] 2024-06-14 23:55:58.260 [main] StepDef - Login Button Clicked....
[WARN ] 2024-06-14 23:55:59.497 [main] StepDef - Test Failed: Login feature page title not matched....
[INFO ] 2024-06-14 23:56:08.542 [main] StepDef - User clicked on LogOut link....
[WARN ] 2024-06-14 23:56:08.550 [main] StepDef - Test Passed: Login feature page title....
[INFO ] 2024-06-14 23:56:08.781 [main] StepDef - Browser Closed....
[INFO ] 2024-06-14 23:56:08.781 [main] StepDef - ....................................................
[INFO ] 2024-06-17 11:19:41.396 [main] StepDef - Setup Executed....
[INFO ] 2024-06-17 11:19:41.581 [main] StepDef - Chrome Browser Launched....
[INFO ] 2024-06-17 11:19:46.333 [main] StepDef - URL Opened....
[INFO ] 2024-06-17 11:19:48.919 [main] StepDef - Email Address & Password entered....
[INFO ] 2024-06-17 11:19:55.204 [main] StepDef - Login Button Clicked....
[INFO ] 2024-06-17 11:19:55.224 [main] StepDef - User can view dashboard test passed....
[INFO ] 2024-06-17 11:19:57.949 [main] StepDef - Customer Menu Clicked....
[INFO ] 2024-06-17 11:20:05.898 [main] StepDef - Customer Menu Item Clicked....
[INFO ] 2024-06-17 11:20:07.541 [main] StepDef - Clicked on search Button....
[INFO ] 2024-06-17 11:20:10.112 [main] StepDef - Browser Closed....
[INFO ] 2024-06-17 11:20:10.113 [main] StepDef - ....................................................
[INFO ] 2024-06-17 11:20:11.954 [main] StepDef - Setup Executed....
[INFO ] 2024-06-17 11:20:11.959 [main] StepDef - Chrome Browser Launched....
[INFO ] 2024-06-17 11:20:16.812 [main] StepDef - URL Opened....
[INFO ] 2024-06-17 11:20:19.244 [main] StepDef - Email Address & Password entered....
[INFO ] 2024-06-17 11:20:22.570 [main] StepDef - Login Button Clicked....
[WARN ] 2024-06-17 11:20:24.504 [main] StepDef - Test Failed: Login feature page title not matched....
[INFO ] 2024-06-17 11:20:31.358 [main] StepDef - User clicked on LogOut link....
[WARN ] 2024-06-17 11:20:31.378 [main] StepDef - Test Passed: Login feature page title....
[INFO ] 2024-06-17 11:20:31.826 [main] StepDef - Browser Closed....
[INFO ] 2024-06-17 11:20:31.827 [main] StepDef - ....................................................
